<?xml version="1.0" encoding="UTF-8"?>
<!-- Generated by org.testng.reporters.JUnitReportReporter -->
<testsuite hostname="POGONOPHILE" failures="0" tests="3" name="Day03.HeadersDemo" time="3.238" errors="0" timestamp="2026-05-25T15:03:31 IST" skipped="0">
  <testcase classname="Day03.HeadersDemo" name="testHeaders" time="2.234"/>
  <system-out/>
  <testcase classname="Day03.HeadersDemo" name="testGetHeader" time="0.563"/>
  <system-out/>
  <testcase classname="Day03.HeadersDemo" name="testGetAllHeaders" time="0.441"/>
  <system-out/>
</testsuite> <!-- Day03.HeadersDemo -->
